2025-03-18 19:21:53.434531 INFO::Writing function arguments to log file
2025-03-18 19:21:53.437103 DEBUG::Function arguments
2025-03-18 19:21:53.437964 DEBUG::Output folder: output_Group_pathway
2025-03-18 19:21:53.438371 DEBUG::Min Abundance: 0.000000
2025-03-18 19:21:53.43872 DEBUG::Min Prevalence: 0.000000
2025-03-18 19:21:53.439833 DEBUG::Normalization: NONE
2025-03-18 19:21:53.440651 DEBUG::Transform: LOG
2025-03-18 19:21:53.441309 DEBUG::Analysis method: LM
2025-03-18 19:21:53.44316 DEBUG::Max significance: 0.250000
2025-03-18 19:21:53.444231 DEBUG::Random effects:
2025-03-18 19:21:53.444894 DEBUG::Fixed effects: Group
2025-03-18 19:21:53.445419 DEBUG::Correction method: BH
2025-03-18 19:21:53.446051 DEBUG::Standardize: FALSE
2025-03-18 19:21:53.446357 DEBUG::Cores: 4
2025-03-18 19:21:53.446901 INFO::Verifying options selected are valid
2025-03-18 19:21:53.448914 INFO::Determining format of input files
2025-03-18 19:21:53.451267 INFO::Input format is data samples as rows and metadata samples as rows
2025-03-18 19:21:53.453982 DEBUG::The following samples were found to have features but no metadata. They will be removed. SCD100,SCD101,SCD102,SCD104,SCD105,SCD106,SCD108,SCD109,SCD110,SCD111,SCD112,SCD113,SCD114,SCD115,SCD116,SCD117,SCD118,SCD121,SCD122,SCD124,SCD125,SCD127,SCD128,SCD129,SCD130,SCD131,SCD132,SCD134,SCD135,SCD139,SCD142,SCD144,SCD146,SCD147,SCD148,SCD149,SCD150,SCD153,SCD155,SCD156,SCD157,SCD68,SCD69,SCD70,SCD72,SCD73,SCD85,SCD87,SCD88,SCD89,SCD90,SCD93,SCD96,SCD97,SCD99,SN19,SN21,SN22,SN23,SN24,SN25,SN26,SN27,SN28,SN29,SN36,SN37,SN38,SN39
2025-03-18 19:21:53.454442 DEBUG::The following samples were found to have metadata but no features. They will be removed. HK1003,HK1004,HK1005,HK1006,HK1008,HK1021,HK1022,HK1024,HK1030,HK1031,HK1032,HK1035,HK1038,HK1041,HK1043,HK1044,HK1045,HK1047,HK1049,HK1050,HK1052,HK1053,HK1054,HK1055,HK1056,HK1057,HK1059,HK1061,HK1063,HK1064,HK1066,HK1067,HK1069,HK1070,HK1071,HK1072,HK1073,HK1074,HK1077,HK1079,HK1081,HK1083,HK1084,HK1085,HK1087,HK1089,HK1090,HK1092,HK1093,HK1094,HK1097,HK1098,HK1099,HK1102,HK1106,HK4001,HK4002,HK4004,HK4005,HK4006,HK4007,HK4008,HK4009,HK4010,HK4012,HK4018,HK4019,HK4023,HK4024
2025-03-18 19:21:53.455236 DEBUG::A total of 410 samples were found in both the data and metadata
2025-03-18 19:21:53.455542 DEBUG::Reordering data/metadata to use same sample ordering
2025-03-18 19:21:53.466183 INFO::Formula for fixed effects: expr ~  Group
2025-03-18 19:21:53.467495 INFO::Filter data based on min abundance and min prevalence
2025-03-18 19:21:53.468183 INFO::Total samples in data: 410
2025-03-18 19:21:53.468785 INFO::Min samples required with min abundance for a feature not to be filtered: 0.000000
2025-03-18 19:21:53.480477 INFO::Total filtered features: 0
2025-03-18 19:21:53.481851 INFO::Filtered feature names from abundance and prevalence filtering:
2025-03-18 19:21:53.505864 INFO::Total filtered features with variance filtering: 0
2025-03-18 19:21:53.50711 INFO::Filtered feature names from variance filtering:
2025-03-18 19:21:53.507826 INFO::Running selected normalization method: NONE
2025-03-18 19:21:53.508538 INFO::Bypass z-score application to metadata
2025-03-18 19:21:53.509417 INFO::Running selected transform method: LOG
2025-03-18 19:21:53.53966 INFO::Running selected analysis method: LM
2025-03-18 19:21:53.540943 INFO::Creating cluster of 4 R processes
2025-03-18 19:22:09.502527 INFO::Counting total values for each feature
2025-03-18 19:22:09.523852 INFO::Writing filtered data to file output_Group_pathway/features/filtered_data.tsv
2025-03-18 19:22:09.671293 INFO::Writing filtered, normalized data to file output_Group_pathway/features/filtered_data_norm.tsv
2025-03-18 19:22:09.83771 INFO::Writing filtered, normalized, transformed data to file output_Group_pathway/features/filtered_data_norm_transformed.tsv
2025-03-18 19:22:10.071376 WARNING::Deleting existing residuals file: output_Group_pathway/fits/residuals.rds
2025-03-18 19:22:10.07276 INFO::Writing residuals to file output_Group_pathway/fits/residuals.rds
2025-03-18 19:22:10.1624 WARNING::Deleting existing fitted file: output_Group_pathway/fits/fitted.rds
2025-03-18 19:22:10.164418 INFO::Writing fitted values to file output_Group_pathway/fits/fitted.rds
2025-03-18 19:22:10.17952 INFO::Writing all results to file (ordered by increasing q-values): output_Group_pathway/all_results.tsv
2025-03-18 19:22:10.18464 INFO::Writing the significant results (those which are less than or equal to the threshold of 0.250000 ) to file (ordered by increasing q-values): output_Group_pathway/significant_results.tsv
2025-03-18 19:22:10.187818 INFO::Writing heatmap of significant results to file: output_Group_pathway/heatmap.pdf
2025-03-18 19:22:10.191113 INFO::Writing association plots (one for each significant association) to output folder: output_Group_pathway
2025-03-18 19:22:10.199137 INFO::Plotting associations from most to least significant, grouped by metadata
2025-03-18 19:22:10.200143 INFO::Plotting data for metadata number 1, Group
2025-03-18 19:22:10.202145 INFO::Creating boxplot for categorical data, Group vs Pathway62
2025-03-18 19:22:10.313755 INFO::Creating boxplot for categorical data, Group vs Pathway547
2025-03-18 19:22:10.426078 INFO::Creating boxplot for categorical data, Group vs Pathway1
2025-03-18 19:22:10.541299 INFO::Creating boxplot for categorical data, Group vs Pathway25
2025-03-18 19:22:10.655247 INFO::Creating boxplot for categorical data, Group vs Pathway43
2025-03-18 19:22:10.770682 INFO::Creating boxplot for categorical data, Group vs Pathway51
2025-03-18 19:22:10.880043 INFO::Creating boxplot for categorical data, Group vs Pathway283
2025-03-18 19:22:10.9836 INFO::Creating boxplot for categorical data, Group vs Pathway309
2025-03-18 19:22:11.096177 INFO::Creating boxplot for categorical data, Group vs Pathway325
2025-03-18 19:22:11.242653 INFO::Creating boxplot for categorical data, Group vs Pathway475
2025-03-18 19:22:11.357367 INFO::Creating boxplot for categorical data, Group vs Pathway73
2025-03-18 19:22:11.468745 INFO::Creating boxplot for categorical data, Group vs Pathway560
2025-03-18 19:22:11.581233 INFO::Creating boxplot for categorical data, Group vs Pathway456
2025-03-18 19:22:11.692769 INFO::Creating boxplot for categorical data, Group vs Pathway266
2025-03-18 19:22:11.803261 INFO::Creating boxplot for categorical data, Group vs Pathway108
2025-03-18 19:22:11.918257 INFO::Creating boxplot for categorical data, Group vs Pathway474
2025-03-18 19:22:12.031206 INFO::Creating boxplot for categorical data, Group vs Pathway176
2025-03-18 19:22:12.144246 INFO::Creating boxplot for categorical data, Group vs Pathway268
2025-03-18 19:22:12.280819 INFO::Creating boxplot for categorical data, Group vs Pathway71
2025-03-18 19:22:12.400397 INFO::Creating boxplot for categorical data, Group vs Pathway125
2025-03-18 19:22:12.516402 INFO::Creating boxplot for categorical data, Group vs Pathway411
2025-03-18 19:22:12.629686 INFO::Creating boxplot for categorical data, Group vs Pathway229
2025-03-18 19:22:12.739571 INFO::Creating boxplot for categorical data, Group vs Pathway90
2025-03-18 19:22:12.843512 INFO::Creating boxplot for categorical data, Group vs Pathway64
2025-03-18 19:22:12.952878 INFO::Creating boxplot for categorical data, Group vs Pathway222
2025-03-18 19:22:13.06084 INFO::Creating boxplot for categorical data, Group vs Pathway542
2025-03-18 19:22:13.170966 INFO::Creating boxplot for categorical data, Group vs Pathway127
2025-03-18 19:22:13.290011 INFO::Creating boxplot for categorical data, Group vs Pathway252
2025-03-18 19:22:13.407861 INFO::Creating boxplot for categorical data, Group vs Pathway121
2025-03-18 19:22:13.522106 INFO::Creating boxplot for categorical data, Group vs Pathway168
2025-03-18 19:22:13.663501 INFO::Creating boxplot for categorical data, Group vs Pathway318
2025-03-18 19:22:13.772731 INFO::Creating boxplot for categorical data, Group vs Pathway39
2025-03-18 19:22:13.876603 INFO::Creating boxplot for categorical data, Group vs Pathway203
2025-03-18 19:22:13.979563 INFO::Creating boxplot for categorical data, Group vs Pathway302
2025-03-18 19:22:14.076087 INFO::Creating boxplot for categorical data, Group vs Pathway75
2025-03-18 19:22:14.171766 INFO::Creating boxplot for categorical data, Group vs Pathway265
2025-03-18 19:22:14.266518 INFO::Creating boxplot for categorical data, Group vs Pathway412
2025-03-18 19:22:14.360452 INFO::Creating boxplot for categorical data, Group vs Pathway439
2025-03-18 19:22:14.455305 INFO::Creating boxplot for categorical data, Group vs Pathway490
2025-03-18 19:22:14.550211 INFO::Creating boxplot for categorical data, Group vs Pathway303
2025-03-18 19:22:14.644243 INFO::Creating boxplot for categorical data, Group vs Pathway338
2025-03-18 19:22:14.739831 INFO::Creating boxplot for categorical data, Group vs Pathway80
2025-03-18 19:22:14.836269 INFO::Creating boxplot for categorical data, Group vs Pathway245
2025-03-18 19:22:14.929794 INFO::Creating boxplot for categorical data, Group vs Pathway315
2025-03-18 19:22:15.024346 INFO::Creating boxplot for categorical data, Group vs Pathway340
2025-03-18 19:22:15.118722 INFO::Creating boxplot for categorical data, Group vs Pathway491
2025-03-18 19:22:15.212303 INFO::Creating boxplot for categorical data, Group vs Pathway549
2025-03-18 19:22:15.306366 INFO::Creating boxplot for categorical data, Group vs Pathway557
2025-03-18 19:22:15.399939 INFO::Creating boxplot for categorical data, Group vs Pathway607
2025-03-18 19:22:15.494019 INFO::Creating boxplot for categorical data, Group vs Pathway217
2025-03-18 19:22:15.58721 INFO::Creating boxplot for categorical data, Group vs Pathway571
2025-03-18 19:22:15.680701 INFO::Creating boxplot for categorical data, Group vs Pathway572
2025-03-18 19:22:15.776206 INFO::Creating boxplot for categorical data, Group vs Pathway436
2025-03-18 19:22:15.879017 INFO::Creating boxplot for categorical data, Group vs Pathway301
2025-03-18 19:22:15.980199 INFO::Creating boxplot for categorical data, Group vs Pathway35
2025-03-18 19:22:16.075395 INFO::Creating boxplot for categorical data, Group vs Pathway120
2025-03-18 19:22:16.168447 INFO::Creating boxplot for categorical data, Group vs Pathway16
2025-03-18 19:22:16.264076 INFO::Creating boxplot for categorical data, Group vs Pathway50
2025-03-18 19:22:16.358672 INFO::Creating boxplot for categorical data, Group vs Pathway55
2025-03-18 19:22:16.51643 INFO::Creating boxplot for categorical data, Group vs Pathway507
2025-03-18 19:22:16.610142 INFO::Creating boxplot for categorical data, Group vs Pathway228
2025-03-18 19:22:16.737953 INFO::Creating boxplot for categorical data, Group vs Pathway233
2025-03-18 19:22:16.834458 INFO::Creating boxplot for categorical data, Group vs Pathway550
2025-03-18 19:22:16.92929 INFO::Creating boxplot for categorical data, Group vs Pathway234
2025-03-18 19:22:17.023761 INFO::Creating boxplot for categorical data, Group vs Pathway573
2025-03-18 19:22:17.117642 INFO::Creating boxplot for categorical data, Group vs Pathway231
2025-03-18 19:22:17.211894 INFO::Creating boxplot for categorical data, Group vs Pathway32
2025-03-18 19:22:17.304407 INFO::Creating boxplot for categorical data, Group vs Pathway118
2025-03-18 19:22:17.402791 INFO::Creating boxplot for categorical data, Group vs Pathway223
2025-03-18 19:22:17.496957 INFO::Creating boxplot for categorical data, Group vs Pathway240
2025-03-18 19:22:17.590537 INFO::Creating boxplot for categorical data, Group vs Pathway241
2025-03-18 19:22:17.68391 INFO::Creating boxplot for categorical data, Group vs Pathway242
2025-03-18 19:22:17.777459 INFO::Creating boxplot for categorical data, Group vs Pathway70
2025-03-18 19:22:17.873122 INFO::Creating boxplot for categorical data, Group vs Pathway496
2025-03-18 19:22:17.967459 INFO::Creating boxplot for categorical data, Group vs Pathway17
2025-03-18 19:22:18.062586 INFO::Creating boxplot for categorical data, Group vs Pathway79
2025-03-18 19:22:18.15884 INFO::Creating boxplot for categorical data, Group vs Pathway177
2025-03-18 19:22:18.25319 INFO::Creating boxplot for categorical data, Group vs Pathway2
2025-03-18 19:22:18.347837 INFO::Creating boxplot for categorical data, Group vs Pathway138
2025-03-18 19:22:18.445385 INFO::Creating boxplot for categorical data, Group vs Pathway357
2025-03-18 19:22:18.539758 INFO::Creating boxplot for categorical data, Group vs Pathway415
2025-03-18 19:22:18.636468 INFO::Creating boxplot for categorical data, Group vs Pathway23
2025-03-18 19:22:18.733564 INFO::Creating boxplot for categorical data, Group vs Pathway546
2025-03-18 19:22:18.828374 INFO::Creating boxplot for categorical data, Group vs Pathway581
2025-03-18 19:22:18.922244 INFO::Creating boxplot for categorical data, Group vs Pathway20
2025-03-18 19:22:19.015963 INFO::Creating boxplot for categorical data, Group vs Pathway227
2025-03-18 19:22:19.109368 INFO::Creating boxplot for categorical data, Group vs Pathway63
2025-03-18 19:22:19.203221 INFO::Creating boxplot for categorical data, Group vs Pathway605
2025-03-18 19:22:19.297672 INFO::Creating boxplot for categorical data, Group vs Pathway313
2025-03-18 19:22:19.401514 INFO::Creating boxplot for categorical data, Group vs Pathway126
2025-03-18 19:22:19.49573 INFO::Creating boxplot for categorical data, Group vs Pathway239
2025-03-18 19:22:19.587889 INFO::Creating boxplot for categorical data, Group vs Pathway169
2025-03-18 19:22:19.680272 INFO::Creating boxplot for categorical data, Group vs Pathway105
2025-03-18 19:22:19.804123 INFO::Creating boxplot for categorical data, Group vs Pathway545
2025-03-18 19:22:19.898713 INFO::Creating boxplot for categorical data, Group vs Pathway280
2025-03-18 19:22:19.993419 INFO::Creating boxplot for categorical data, Group vs Pathway556
2025-03-18 19:22:20.088654 INFO::Creating boxplot for categorical data, Group vs Pathway128
2025-03-18 19:22:20.181365 INFO::Creating boxplot for categorical data, Group vs Pathway232
2025-03-18 19:22:20.275262 INFO::Creating boxplot for categorical data, Group vs Pathway42
2025-03-18 19:22:20.370139 INFO::Creating boxplot for categorical data, Group vs Pathway96
2025-03-18 19:22:20.463674 INFO::Creating boxplot for categorical data, Group vs Pathway247
2025-03-18 19:22:20.558398 INFO::Creating boxplot for categorical data, Group vs Pathway512
2025-03-18 19:22:20.651994 INFO::Creating boxplot for categorical data, Group vs Pathway555
2025-03-18 19:22:20.745344 INFO::Creating boxplot for categorical data, Group vs Pathway52
2025-03-18 19:22:20.838756 INFO::Creating boxplot for categorical data, Group vs Pathway402
2025-03-18 19:22:20.933591 INFO::Creating boxplot for categorical data, Group vs Pathway404
2025-03-18 19:22:21.027819 INFO::Creating boxplot for categorical data, Group vs Pathway212
2025-03-18 19:22:21.121646 INFO::Creating boxplot for categorical data, Group vs Pathway499
2025-03-18 19:22:21.215034 INFO::Creating boxplot for categorical data, Group vs Pathway54
2025-03-18 19:22:21.308727 INFO::Creating boxplot for categorical data, Group vs Pathway544
2025-03-18 19:22:21.403061 INFO::Creating boxplot for categorical data, Group vs Pathway396
2025-03-18 19:22:21.497019 INFO::Creating boxplot for categorical data, Group vs Pathway15
2025-03-18 19:22:21.591222 INFO::Creating boxplot for categorical data, Group vs Pathway220
2025-03-18 19:22:21.685711 INFO::Creating boxplot for categorical data, Group vs Pathway288
2025-03-18 19:22:21.779583 INFO::Creating boxplot for categorical data, Group vs Pathway610
2025-03-18 19:22:21.873269 INFO::Creating boxplot for categorical data, Group vs Pathway537
2025-03-18 19:22:21.966043 INFO::Creating boxplot for categorical data, Group vs Pathway60
2025-03-18 19:22:22.059585 INFO::Creating boxplot for categorical data, Group vs Pathway244
2025-03-18 19:22:22.153045 INFO::Creating boxplot for categorical data, Group vs Pathway352
2025-03-18 19:22:22.246261 INFO::Creating boxplot for categorical data, Group vs Pathway221
2025-03-18 19:22:22.351351 INFO::Creating boxplot for categorical data, Group vs Pathway201
2025-03-18 19:22:22.453903 INFO::Creating boxplot for categorical data, Group vs Pathway380
2025-03-18 19:22:22.548014 INFO::Creating boxplot for categorical data, Group vs Pathway494
2025-03-18 19:22:22.641362 INFO::Creating boxplot for categorical data, Group vs Pathway11
2025-03-18 19:22:22.763425 INFO::Creating boxplot for categorical data, Group vs Pathway27
2025-03-18 19:22:22.856964 INFO::Creating boxplot for categorical data, Group vs Pathway28
2025-03-18 19:22:22.951322 INFO::Creating boxplot for categorical data, Group vs Pathway131
2025-03-18 19:22:23.045521 INFO::Creating boxplot for categorical data, Group vs Pathway225
2025-03-18 19:22:23.141784 INFO::Creating boxplot for categorical data, Group vs Pathway551
2025-03-18 19:22:23.237896 INFO::Creating boxplot for categorical data, Group vs Pathway365
2025-03-18 19:22:23.344893 INFO::Creating boxplot for categorical data, Group vs Pathway599
2025-03-18 19:22:23.458386 INFO::Creating boxplot for categorical data, Group vs Pathway445
2025-03-18 19:22:23.566505 INFO::Creating boxplot for categorical data, Group vs Pathway76
2025-03-18 19:22:23.681773 INFO::Creating boxplot for categorical data, Group vs Pathway72
2025-03-18 19:22:23.79704 INFO::Creating boxplot for categorical data, Group vs Pathway19
2025-03-18 19:22:23.903891 INFO::Creating boxplot for categorical data, Group vs Pathway598
2025-03-18 19:22:24.011671 INFO::Creating boxplot for categorical data, Group vs Pathway97
2025-03-18 19:22:24.116401 INFO::Creating boxplot for categorical data, Group vs Pathway101
2025-03-18 19:22:24.210974 INFO::Creating boxplot for categorical data, Group vs Pathway207
2025-03-18 19:22:24.30445 INFO::Creating boxplot for categorical data, Group vs Pathway553
2025-03-18 19:22:24.41006 INFO::Creating boxplot for categorical data, Group vs Pathway139
2025-03-18 19:22:24.505116 INFO::Creating boxplot for categorical data, Group vs Pathway292
2025-03-18 19:22:24.599162 INFO::Creating boxplot for categorical data, Group vs Pathway335
2025-03-18 19:22:24.69385 INFO::Creating boxplot for categorical data, Group vs Pathway469
2025-03-18 19:22:24.802259 INFO::Creating boxplot for categorical data, Group vs Pathway592
2025-03-18 19:22:24.896373 INFO::Creating boxplot for categorical data, Group vs Pathway34
2025-03-18 19:22:24.989853 INFO::Creating boxplot for categorical data, Group vs Pathway93
2025-03-18 19:22:25.083958 INFO::Creating boxplot for categorical data, Group vs Pathway421
2025-03-18 19:22:25.17866 INFO::Creating boxplot for categorical data, Group vs Pathway130
2025-03-18 19:22:25.273253 INFO::Creating boxplot for categorical data, Group vs Pathway117
2025-03-18 19:22:25.368376 INFO::Creating boxplot for categorical data, Group vs Pathway413
2025-03-18 19:22:25.462066 INFO::Creating boxplot for categorical data, Group vs Pathway40
2025-03-18 19:22:25.555798 INFO::Creating boxplot for categorical data, Group vs Pathway65
2025-03-18 19:22:25.649779 INFO::Creating boxplot for categorical data, Group vs Pathway235
2025-03-18 19:22:25.742681 INFO::Creating boxplot for categorical data, Group vs Pathway587
2025-03-18 19:22:25.836589 INFO::Creating boxplot for categorical data, Group vs Pathway559
2025-03-18 19:22:25.959669 INFO::Creating boxplot for categorical data, Group vs Pathway124
2025-03-18 19:22:26.056055 INFO::Creating boxplot for categorical data, Group vs Pathway190
2025-03-18 19:22:26.152258 INFO::Creating boxplot for categorical data, Group vs Pathway215
2025-03-18 19:22:26.246949 INFO::Creating boxplot for categorical data, Group vs Pathway230
2025-03-18 19:22:26.340377 INFO::Creating boxplot for categorical data, Group vs Pathway246
2025-03-18 19:22:26.434747 INFO::Creating boxplot for categorical data, Group vs Pathway355
2025-03-18 19:22:26.527982 INFO::Creating boxplot for categorical data, Group vs Pathway376
2025-03-18 19:22:26.621809 INFO::Creating boxplot for categorical data, Group vs Pathway390
2025-03-18 19:22:26.713471 INFO::Creating boxplot for categorical data, Group vs Pathway324
2025-03-18 19:22:26.806509 INFO::Creating boxplot for categorical data, Group vs Pathway66
2025-03-18 19:22:26.899906 INFO::Creating boxplot for categorical data, Group vs Pathway49
2025-03-18 19:22:26.993932 INFO::Creating boxplot for categorical data, Group vs Pathway89
2025-03-18 19:22:27.086718 INFO::Creating boxplot for categorical data, Group vs Pathway153
2025-03-18 19:22:27.18075 INFO::Creating boxplot for categorical data, Group vs Pathway502
2025-03-18 19:22:27.275425 INFO::Creating boxplot for categorical data, Group vs Pathway389
2025-03-18 19:22:27.369111 INFO::Creating boxplot for categorical data, Group vs Pathway37
2025-03-18 19:22:27.462153 INFO::Creating boxplot for categorical data, Group vs Pathway406
2025-03-18 19:22:27.554615 INFO::Creating boxplot for categorical data, Group vs Pathway12
2025-03-18 19:22:27.647547 INFO::Creating boxplot for categorical data, Group vs Pathway341
2025-03-18 19:22:27.740877 INFO::Creating boxplot for categorical data, Group vs Pathway14
2025-03-18 19:22:27.834015 INFO::Creating boxplot for categorical data, Group vs Pathway488
2025-03-18 19:22:27.927978 INFO::Creating boxplot for categorical data, Group vs Pathway67
2025-03-18 19:22:28.020879 INFO::Creating boxplot for categorical data, Group vs Pathway487
2025-03-18 19:22:28.117177 INFO::Creating boxplot for categorical data, Group vs Pathway261
2025-03-18 19:22:28.225821 INFO::Creating boxplot for categorical data, Group vs Pathway509
2025-03-18 19:22:28.334127 INFO::Creating boxplot for categorical data, Group vs Pathway393
2025-03-18 19:22:28.451513 INFO::Creating boxplot for categorical data, Group vs Pathway218
2025-03-18 19:22:28.584394 INFO::Creating boxplot for categorical data, Group vs Pathway384
2025-03-18 19:22:28.714678 INFO::Creating boxplot for categorical data, Group vs Pathway463
2025-03-18 19:22:28.84117 INFO::Creating boxplot for categorical data, Group vs Pathway22
2025-03-18 19:22:28.967863 INFO::Creating boxplot for categorical data, Group vs Pathway132
2025-03-18 19:22:29.116094 INFO::Creating boxplot for categorical data, Group vs Pathway541
2025-03-18 19:22:29.237087 INFO::Creating boxplot for categorical data, Group vs Pathway136
2025-03-18 19:22:29.349846 INFO::Creating boxplot for categorical data, Group vs Pathway154
2025-03-18 19:22:29.449845 INFO::Creating boxplot for categorical data, Group vs Pathway77
2025-03-18 19:22:29.544389 INFO::Creating boxplot for categorical data, Group vs Pathway250
2025-03-18 19:22:29.639791 INFO::Creating boxplot for categorical data, Group vs Pathway29
2025-03-18 19:22:29.734301 INFO::Creating boxplot for categorical data, Group vs Pathway262
2025-03-18 19:22:29.839086 INFO::Creating boxplot for categorical data, Group vs Pathway407
2025-03-18 19:22:29.933792 INFO::Creating boxplot for categorical data, Group vs Pathway558
2025-03-18 19:22:30.026963 INFO::Creating boxplot for categorical data, Group vs Pathway92
2025-03-18 19:22:30.120682 INFO::Creating boxplot for categorical data, Group vs Pathway366
2025-03-18 19:22:30.214677 INFO::Creating boxplot for categorical data, Group vs Pathway110
2025-03-18 19:22:30.313939 INFO::Creating boxplot for categorical data, Group vs Pathway538
2025-03-18 19:22:30.407192 INFO::Creating boxplot for categorical data, Group vs Pathway183
2025-03-18 19:22:30.50175 INFO::Creating boxplot for categorical data, Group vs Pathway552
2025-03-18 19:22:30.59552 INFO::Creating boxplot for categorical data, Group vs Pathway383
2025-03-18 19:22:30.690186 INFO::Creating boxplot for categorical data, Group vs Pathway601
2025-03-18 19:22:30.78504 INFO::Creating boxplot for categorical data, Group vs Pathway285
2025-03-18 19:22:30.878864 INFO::Creating boxplot for categorical data, Group vs Pathway58
2025-03-18 19:22:30.975345 INFO::Creating boxplot for categorical data, Group vs Pathway392
2025-03-18 19:22:31.071901 INFO::Creating boxplot for categorical data, Group vs Pathway346
2025-03-18 19:22:31.16795 INFO::Creating boxplot for categorical data, Group vs Pathway103
2025-03-18 19:22:31.261362 INFO::Creating boxplot for categorical data, Group vs Pathway287
2025-03-18 19:22:31.356056 INFO::Creating boxplot for categorical data, Group vs Pathway372
2025-03-18 19:22:31.451949 INFO::Creating boxplot for categorical data, Group vs Pathway529
2025-03-18 19:22:31.546172 INFO::Creating boxplot for categorical data, Group vs Pathway579
2025-03-18 19:22:31.638906 INFO::Creating boxplot for categorical data, Group vs Pathway435
2025-03-18 19:22:31.732177 INFO::Creating boxplot for categorical data, Group vs Pathway497
2025-03-18 19:22:31.825495 INFO::Creating boxplot for categorical data, Group vs Pathway293
2025-03-18 19:22:31.918365 INFO::Creating boxplot for categorical data, Group vs Pathway47
2025-03-18 19:22:32.010335 INFO::Creating boxplot for categorical data, Group vs Pathway426
2025-03-18 19:22:32.134783 INFO::Creating boxplot for categorical data, Group vs Pathway249
2025-03-18 19:22:32.239051 INFO::Creating boxplot for categorical data, Group vs Pathway447
2025-03-18 19:22:32.356844 INFO::Creating boxplot for categorical data, Group vs Pathway403
2025-03-18 19:22:32.460516 INFO::Creating boxplot for categorical data, Group vs Pathway248
2025-03-18 19:22:32.555026 INFO::Creating boxplot for categorical data, Group vs Pathway10
2025-03-18 19:22:32.649175 INFO::Creating boxplot for categorical data, Group vs Pathway143
2025-03-18 19:22:32.744559 INFO::Creating boxplot for categorical data, Group vs Pathway99
2025-03-18 19:22:32.850185 INFO::Creating boxplot for categorical data, Group vs Pathway113
2025-03-18 19:22:33.00549 INFO::Creating boxplot for categorical data, Group vs Pathway332
2025-03-18 19:22:33.137265 INFO::Creating boxplot for categorical data, Group vs Pathway582
2025-03-18 19:22:33.29814 INFO::Creating boxplot for categorical data, Group vs Pathway532
2025-03-18 19:22:33.416948 INFO::Creating boxplot for categorical data, Group vs Pathway148
2025-03-18 19:22:33.536897 INFO::Creating boxplot for categorical data, Group vs Pathway498
2025-03-18 19:22:33.666718 INFO::Creating boxplot for categorical data, Group vs Pathway591
2025-03-18 19:22:33.902585 INFO::Creating boxplot for categorical data, Group vs Pathway304
2025-03-18 19:22:34.062602 INFO::Creating boxplot for categorical data, Group vs Pathway157
2025-03-18 19:22:34.179239 INFO::Creating boxplot for categorical data, Group vs Pathway314
2025-03-18 19:22:34.307577 INFO::Creating boxplot for categorical data, Group vs Pathway585
2025-03-18 19:22:34.423095 INFO::Creating boxplot for categorical data, Group vs Pathway69
2025-03-18 19:22:34.533589 INFO::Creating boxplot for categorical data, Group vs Pathway337
2025-03-18 19:22:34.644038 INFO::Creating boxplot for categorical data, Group vs Pathway530
2025-03-18 19:22:34.748055 INFO::Creating boxplot for categorical data, Group vs Pathway539
2025-03-18 19:22:34.846145 INFO::Creating boxplot for categorical data, Group vs Pathway333
2025-03-18 19:22:34.940853 INFO::Creating boxplot for categorical data, Group vs Pathway300
2025-03-18 19:22:35.037391 INFO::Creating boxplot for categorical data, Group vs Pathway307
2025-03-18 19:22:35.136291 INFO::Creating boxplot for categorical data, Group vs Pathway319
2025-03-18 19:22:35.23264 INFO::Creating boxplot for categorical data, Group vs Pathway425
2025-03-18 19:22:35.330677 INFO::Creating boxplot for categorical data, Group vs Pathway567
2025-03-18 19:22:35.44065 INFO::Creating boxplot for categorical data, Group vs Pathway256
2025-03-18 19:22:35.537521 INFO::Creating boxplot for categorical data, Group vs Pathway504
2025-03-18 19:22:35.630747 INFO::Creating boxplot for categorical data, Group vs Pathway251
2025-03-18 19:22:37.708615 INFO::Creating boxplot for categorical data, Group vs Pathway443
2025-03-18 19:22:37.801857 INFO::Creating boxplot for categorical data, Group vs Pathway271
2025-03-18 19:22:37.891109 INFO::Creating boxplot for categorical data, Group vs Pathway536
2025-03-18 19:22:37.984501 INFO::Creating boxplot for categorical data, Group vs Pathway46
2025-03-18 19:22:38.083496 INFO::Creating boxplot for categorical data, Group vs Pathway329
2025-03-18 19:22:38.212822 INFO::Creating boxplot for categorical data, Group vs Pathway294
2025-03-18 19:22:38.319193 INFO::Creating boxplot for categorical data, Group vs Pathway18
2025-03-18 19:22:38.42924 INFO::Creating boxplot for categorical data, Group vs Pathway397
2025-03-18 19:22:38.532144 INFO::Creating boxplot for categorical data, Group vs Pathway165
2025-03-18 19:22:38.635382 INFO::Creating boxplot for categorical data, Group vs Pathway588
2025-03-18 19:22:38.735993 INFO::Creating boxplot for categorical data, Group vs Pathway45
2025-03-18 19:22:38.837855 INFO::Creating boxplot for categorical data, Group vs Pathway409
2025-03-18 19:22:38.940419 INFO::Creating boxplot for categorical data, Group vs Pathway286
2025-03-18 19:22:39.04254 INFO::Creating boxplot for categorical data, Group vs Pathway462
2025-03-18 19:22:39.145399 INFO::Creating boxplot for categorical data, Group vs Pathway61
2025-03-18 19:22:39.247223 INFO::Creating boxplot for categorical data, Group vs Pathway13
2025-03-18 19:22:39.350328 INFO::Creating boxplot for categorical data, Group vs Pathway100
2025-03-18 19:22:39.453014 INFO::Creating boxplot for categorical data, Group vs Pathway515
2025-03-18 19:22:39.555745 INFO::Creating boxplot for categorical data, Group vs Pathway257
2025-03-18 19:22:39.657563 INFO::Creating boxplot for categorical data, Group vs Pathway594
2025-03-18 19:22:39.761589 INFO::Creating boxplot for categorical data, Group vs Pathway178
2025-03-18 19:22:39.869885 INFO::Creating boxplot for categorical data, Group vs Pathway548
2025-03-18 19:22:39.972499 INFO::Creating boxplot for categorical data, Group vs Pathway399
2025-03-18 19:22:40.076527 INFO::Creating boxplot for categorical data, Group vs Pathway431
2025-03-18 19:22:40.179498 INFO::Creating boxplot for categorical data, Group vs Pathway277
2025-03-18 19:22:40.282236 INFO::Creating boxplot for categorical data, Group vs Pathway534
2025-03-18 19:22:40.385296 INFO::Creating boxplot for categorical data, Group vs Pathway297
2025-03-18 19:22:40.488199 INFO::Creating boxplot for categorical data, Group vs Pathway94
2025-03-18 19:22:40.58911 INFO::Creating boxplot for categorical data, Group vs Pathway368
2025-03-18 19:22:40.690545 INFO::Creating boxplot for categorical data, Group vs Pathway514
2025-03-18 19:22:40.790697 INFO::Creating boxplot for categorical data, Group vs Pathway296
2025-03-18 19:22:40.890436 INFO::Creating boxplot for categorical data, Group vs Pathway184
2025-03-18 19:22:40.99115 INFO::Creating boxplot for categorical data, Group vs Pathway394
2025-03-18 19:22:41.091519 INFO::Creating boxplot for categorical data, Group vs Pathway21
2025-03-18 19:22:41.195543 INFO::Creating boxplot for categorical data, Group vs Pathway284
2025-03-18 19:22:41.298609 INFO::Creating boxplot for categorical data, Group vs Pathway91
2025-03-18 19:22:41.402109 INFO::Creating boxplot for categorical data, Group vs Pathway104
2025-03-18 19:22:41.506212 INFO::Creating boxplot for categorical data, Group vs Pathway81
2025-03-18 19:22:41.609685 INFO::Creating boxplot for categorical data, Group vs Pathway452
2025-03-18 19:22:41.713122 INFO::Creating boxplot for categorical data, Group vs Pathway381
2025-03-18 19:22:41.815548 INFO::Creating boxplot for categorical data, Group vs Pathway400
2025-03-18 19:22:41.92117 INFO::Creating boxplot for categorical data, Group vs Pathway367
2025-03-18 19:22:42.344995 INFO::Creating boxplot for categorical data, Group vs Pathway416
2025-03-18 19:22:42.523126 INFO::Creating boxplot for categorical data, Group vs Pathway111
2025-03-18 19:22:42.75413 INFO::Creating boxplot for categorical data, Group vs Pathway483
2025-03-18 19:22:42.881935 INFO::Creating boxplot for categorical data, Group vs Pathway269
2025-03-18 19:22:42.996958 INFO::Creating boxplot for categorical data, Group vs Pathway267
2025-03-18 19:22:43.090591 INFO::Creating boxplot for categorical data, Group vs Pathway348
2025-03-18 19:22:43.183799 INFO::Creating boxplot for categorical data, Group vs Pathway164
2025-03-18 19:22:43.280873 INFO::Creating boxplot for categorical data, Group vs Pathway151
2025-03-18 19:22:43.392076 INFO::Creating boxplot for categorical data, Group vs Pathway185
2025-03-18 19:22:43.520345 INFO::Creating boxplot for categorical data, Group vs Pathway331
2025-03-18 19:22:43.631049 INFO::Creating boxplot for categorical data, Group vs Pathway74
2025-03-18 19:22:43.764751 INFO::Creating boxplot for categorical data, Group vs Pathway171
2025-03-18 19:22:43.881554 INFO::Creating boxplot for categorical data, Group vs Pathway273
2025-03-18 19:22:43.988089 INFO::Creating boxplot for categorical data, Group vs Pathway465
2025-03-18 19:22:44.081542 INFO::Creating boxplot for categorical data, Group vs Pathway578
2025-03-18 19:22:44.173228 INFO::Creating boxplot for categorical data, Group vs Pathway259
2025-03-18 19:22:44.268658 INFO::Creating boxplot for categorical data, Group vs Pathway517
2025-03-18 19:22:44.363075 INFO::Creating boxplot for categorical data, Group vs Pathway382
2025-03-18 19:22:44.458021 INFO::Creating boxplot for categorical data, Group vs Pathway56
2025-03-18 19:22:44.552864 INFO::Creating boxplot for categorical data, Group vs Pathway6
2025-03-18 19:22:44.647765 INFO::Creating boxplot for categorical data, Group vs Pathway418
2025-03-18 19:22:44.739473 INFO::Creating boxplot for categorical data, Group vs Pathway518
2025-03-18 19:22:44.832885 INFO::Creating boxplot for categorical data, Group vs Pathway173
2025-03-18 19:22:44.925522 INFO::Creating boxplot for categorical data, Group vs Pathway360
2025-03-18 19:22:45.021041 INFO::Creating boxplot for categorical data, Group vs Pathway260
2025-03-18 19:22:45.116951 INFO::Creating boxplot for categorical data, Group vs Pathway461
2025-03-18 19:22:45.211851 INFO::Creating boxplot for categorical data, Group vs Pathway8
2025-03-18 19:22:45.30509 INFO::Creating boxplot for categorical data, Group vs Pathway264
2025-03-18 19:22:45.398573 INFO::Creating boxplot for categorical data, Group vs Pathway146
2025-03-18 19:22:45.490302 INFO::Creating boxplot for categorical data, Group vs Pathway485
2025-03-18 19:22:45.585062 INFO::Creating boxplot for categorical data, Group vs Pathway78
2025-03-18 19:22:45.678787 INFO::Creating boxplot for categorical data, Group vs Pathway420
2025-03-18 19:22:45.774295 INFO::Creating boxplot for categorical data, Group vs Pathway253
2025-03-18 19:22:45.866659 INFO::Creating boxplot for categorical data, Group vs Pathway258
2025-03-18 19:22:45.961182 INFO::Creating boxplot for categorical data, Group vs Pathway281
2025-03-18 19:22:46.056484 INFO::Creating boxplot for categorical data, Group vs Pathway391
2025-03-18 19:22:46.153095 INFO::Creating boxplot for categorical data, Group vs Pathway580
2025-03-18 19:22:46.265854 INFO::Creating boxplot for categorical data, Group vs Pathway457
2025-03-18 19:22:46.361128 INFO::Creating boxplot for categorical data, Group vs Pathway590
2025-03-18 19:22:46.454326 INFO::Creating boxplot for categorical data, Group vs Pathway385
2025-03-18 19:22:46.549222 INFO::Creating boxplot for categorical data, Group vs Pathway144
2025-03-18 19:22:46.641493 INFO::Creating boxplot for categorical data, Group vs Pathway270
2025-03-18 19:22:46.73248 INFO::Creating boxplot for categorical data, Group vs Pathway423
2025-03-18 19:22:46.824814 INFO::Creating boxplot for categorical data, Group vs Pathway597
2025-03-18 19:22:46.914822 INFO::Creating boxplot for categorical data, Group vs Pathway170
2025-03-18 19:22:47.008843 INFO::Creating boxplot for categorical data, Group vs Pathway370
2025-03-18 19:22:47.099858 INFO::Creating boxplot for categorical data, Group vs Pathway371
2025-03-18 19:22:47.212086 INFO::Creating boxplot for categorical data, Group vs Pathway4
2025-03-18 19:22:47.305319 INFO::Creating boxplot for categorical data, Group vs Pathway123
2025-03-18 19:22:47.399038 INFO::Creating boxplot for categorical data, Group vs Pathway237
2025-03-18 19:22:47.49205 INFO::Creating boxplot for categorical data, Group vs Pathway611
2025-03-18 19:22:47.583444 INFO::Creating boxplot for categorical data, Group vs Pathway361
2025-03-18 19:22:47.675424 INFO::Creating boxplot for categorical data, Group vs Pathway59
2025-03-18 19:22:47.770827 INFO::Creating boxplot for categorical data, Group vs Pathway119
2025-03-18 19:22:47.864264 INFO::Creating boxplot for categorical data, Group vs Pathway175
2025-03-18 19:22:47.957907 INFO::Creating boxplot for categorical data, Group vs Pathway255
2025-03-18 19:22:48.052067 INFO::Creating boxplot for categorical data, Group vs Pathway24
2025-03-18 19:22:48.144044 INFO::Creating boxplot for categorical data, Group vs Pathway459
2025-03-18 19:22:48.236384 INFO::Creating boxplot for categorical data, Group vs Pathway274
2025-03-18 19:22:48.328601 INFO::Creating boxplot for categorical data, Group vs Pathway345
2025-03-18 19:22:48.422632 INFO::Creating boxplot for categorical data, Group vs Pathway566
2025-03-18 19:22:48.514478 INFO::Creating boxplot for categorical data, Group vs Pathway263
2025-03-18 19:22:48.608528 INFO::Creating boxplot for categorical data, Group vs Pathway33
2025-03-18 19:22:48.701677 INFO::Creating boxplot for categorical data, Group vs Pathway320
2025-03-18 19:22:48.796122 INFO::Creating boxplot for categorical data, Group vs Pathway568
2025-03-18 19:22:48.890618 INFO::Creating boxplot for categorical data, Group vs Pathway161
2025-03-18 19:22:48.981805 INFO::Creating boxplot for categorical data, Group vs Pathway187
2025-03-18 19:22:49.073436 INFO::Creating boxplot for categorical data, Group vs Pathway276
2025-03-18 19:22:49.164282 INFO::Creating boxplot for categorical data, Group vs Pathway86
2025-03-18 19:22:49.256086 INFO::Creating boxplot for categorical data, Group vs Pathway501
2025-03-18 19:22:49.348084 INFO::Creating boxplot for categorical data, Group vs Pathway48
2025-03-18 19:22:49.439975 INFO::Creating boxplot for categorical data, Group vs Pathway363
2025-03-18 19:22:49.534494 INFO::Creating boxplot for categorical data, Group vs Pathway195
2025-03-18 19:22:49.624747 INFO::Creating boxplot for categorical data, Group vs Pathway199
2025-03-18 19:22:49.723572 INFO::Creating boxplot for categorical data, Group vs Pathway68
2025-03-18 19:22:49.814188 INFO::Creating boxplot for categorical data, Group vs Pathway438
2025-03-18 19:22:49.907307 INFO::Creating boxplot for categorical data, Group vs Pathway613
2025-03-18 19:22:50.001816 INFO::Creating boxplot for categorical data, Group vs Pathway204
2025-03-18 19:22:50.09491 INFO::Creating boxplot for categorical data, Group vs Pathway192
2025-03-18 19:22:50.188549 INFO::Creating boxplot for categorical data, Group vs Pathway327
2025-03-18 19:22:50.281814 INFO::Creating boxplot for categorical data, Group vs Pathway609
2025-03-18 19:22:50.378259 INFO::Creating boxplot for categorical data, Group vs Pathway450
2025-03-18 19:22:50.479003 INFO::Creating boxplot for categorical data, Group vs Pathway593
2025-03-18 19:22:50.572407 INFO::Creating boxplot for categorical data, Group vs Pathway290
2025-03-18 19:22:50.668299 INFO::Creating boxplot for categorical data, Group vs Pathway135
2025-03-18 19:22:50.759952 INFO::Creating boxplot for categorical data, Group vs Pathway476
2025-03-18 19:22:50.853585 INFO::Creating boxplot for categorical data, Group vs Pathway604
2025-03-18 19:22:50.946231 INFO::Creating boxplot for categorical data, Group vs Pathway505
2025-03-18 19:22:51.038007 INFO::Creating boxplot for categorical data, Group vs Pathway388
2025-03-18 19:22:51.132754 INFO::Creating boxplot for categorical data, Group vs Pathway112
2025-03-18 19:22:51.225447 INFO::Creating boxplot for categorical data, Group vs Pathway189
2025-03-18 19:22:51.338572 INFO::Creating boxplot for categorical data, Group vs Pathway424
2025-03-18 19:22:51.432192 INFO::Creating boxplot for categorical data, Group vs Pathway535
2025-03-18 19:22:51.521686 INFO::Creating boxplot for categorical data, Group vs Pathway564
2025-03-18 19:22:51.615015 INFO::Creating boxplot for categorical data, Group vs Pathway289
2025-03-18 19:22:51.708548 INFO::Creating boxplot for categorical data, Group vs Pathway291
2025-03-18 19:22:51.799166 INFO::Creating boxplot for categorical data, Group vs Pathway350
2025-03-18 19:22:51.890256 INFO::Creating boxplot for categorical data, Group vs Pathway482
2025-03-18 19:22:51.980998 INFO::Creating boxplot for categorical data, Group vs Pathway460
2025-03-18 19:22:52.073382 INFO::Creating boxplot for categorical data, Group vs Pathway326
2025-03-18 19:22:52.164559 INFO::Creating boxplot for categorical data, Group vs Pathway349
2025-03-18 19:22:52.257963 INFO::Creating boxplot for categorical data, Group vs Pathway408
2025-03-18 19:22:52.348089 INFO::Creating boxplot for categorical data, Group vs Pathway519
2025-03-18 19:22:52.440173 INFO::Creating boxplot for categorical data, Group vs Pathway336
2025-03-18 19:22:52.530509 INFO::Creating boxplot for categorical data, Group vs Pathway351
2025-03-18 19:22:52.621462 INFO::Creating boxplot for categorical data, Group vs Pathway330
2025-03-18 19:22:52.711673 INFO::Creating boxplot for categorical data, Group vs Pathway5
2025-03-18 19:22:52.804496 INFO::Creating boxplot for categorical data, Group vs Pathway540
2025-03-18 19:22:52.89702 INFO::Creating boxplot for categorical data, Group vs Pathway137
2025-03-18 19:22:52.990709 INFO::Creating boxplot for categorical data, Group vs Pathway114
2025-03-18 19:22:53.083368 INFO::Creating boxplot for categorical data, Group vs Pathway500
2025-03-18 19:22:53.177212 INFO::Creating boxplot for categorical data, Group vs Pathway419
2025-03-18 19:22:53.269077 INFO::Creating boxplot for categorical data, Group vs Pathway427
2025-03-18 19:22:53.361687 INFO::Creating boxplot for categorical data, Group vs Pathway448
2025-03-18 19:22:53.457007 INFO::Creating boxplot for categorical data, Group vs Pathway612
2025-03-18 19:22:53.549607 INFO::Creating boxplot for categorical data, Group vs Pathway525
2025-03-18 19:22:53.64099 INFO::Creating boxplot for categorical data, Group vs Pathway84
2025-03-18 19:22:53.733938 INFO::Creating boxplot for categorical data, Group vs Pathway503
2025-03-18 19:22:53.829261 INFO::Creating boxplot for categorical data, Group vs Pathway583
2025-03-18 19:22:53.921465 INFO::Creating boxplot for categorical data, Group vs Pathway586
2025-03-18 19:22:54.015813 INFO::Creating boxplot for categorical data, Group vs Pathway174
2025-03-18 19:22:54.109768 INFO::Creating boxplot for categorical data, Group vs Pathway299
2025-03-18 19:34:47.143973 WARNING::Input is a matrix, passing through as.data.frame() .
