2025-03-18 23:00:43.736894 INFO::Writing function arguments to log file
2025-03-18 23:00:43.73761 DEBUG::Function arguments
2025-03-18 23:00:43.737838 DEBUG::Output folder: output_Region_pathway_MC
2025-03-18 23:00:43.738045 DEBUG::Min Abundance: 0.000000
2025-03-18 23:00:43.738244 DEBUG::Min Prevalence: 0.000000
2025-03-18 23:00:43.738437 DEBUG::Normalization: NONE
2025-03-18 23:00:43.738628 DEBUG::Transform: LOG
2025-03-18 23:00:43.738815 DEBUG::Analysis method: LM
2025-03-18 23:00:43.739003 DEBUG::Max significance: 0.250000
2025-03-18 23:00:43.739191 DEBUG::Random effects:
2025-03-18 23:00:43.739376 DEBUG::Fixed effects: Region
2025-03-18 23:00:43.739556 DEBUG::Correction method: BH
2025-03-18 23:00:43.739736 DEBUG::Standardize: FALSE
2025-03-18 23:00:43.739919 DEBUG::Cores: 4
2025-03-18 23:00:43.740096 INFO::Verifying options selected are valid
2025-03-18 23:00:43.740671 INFO::Determining format of input files
2025-03-18 23:00:43.741375 INFO::Input format is data samples as rows and metadata samples as rows
2025-03-18 23:00:43.74236 DEBUG::The following samples were found to have features but no metadata. They will be removed. SCD100,SCD101,SCD102,SCD104,SCD105,SCD106,SCD108,SCD109,SCD110,SCD111,SCD112,SCD113,SCD114,SCD115,SCD116,SCD117,SCD118,SCD121,SCD122,SCD124,SCD125,SCD127,SCD128,SCD129,SCD130,SCD131,SCD132,SCD134,SCD135,SCD139,SCD142,SCD144,SCD146,SCD147,SCD148,SCD149,SCD150,SCD153,SCD155,SCD156,SCD157,SCD68,SCD69,SCD70,SCD72,SCD73,SCD85,SCD87,SCD88,SCD89,SCD90,SCD93,SCD96,SCD97,SCD99,SN19,SN21,SN22,SN23,SN24,SN25,SN26,SN27,SN28,SN29,SN36,SN37,SN38,SN39
2025-03-18 23:00:43.742662 DEBUG::The following samples were found to have metadata but no features. They will be removed. HK1003,HK1004,HK1005,HK1006,HK1008,HK1021,HK1022,HK1024,HK1030,HK1031,HK1032,HK1035,HK1038,HK1041,HK1043,HK1044,HK1045,HK1047,HK1049,HK1050,HK1052,HK1053,HK1054,HK1055,HK1056,HK1057,HK1059,HK1061,HK1063,HK1064,HK1066,HK1067,HK1069,HK1070,HK1071,HK1072,HK1073,HK1074,HK1077,HK1079,HK1081,HK1083,HK1084,HK1085,HK1087,HK1089,HK1090,HK1092,HK1093,HK1094,HK1097,HK1098,HK1099,HK1102,HK1106,HK4001,HK4002,HK4004,HK4005,HK4006,HK4007,HK4008,HK4009,HK4010,HK4012,HK4018,HK4019,HK4023,HK4024
2025-03-18 23:00:43.742934 DEBUG::A total of 410 samples were found in both the data and metadata
2025-03-18 23:00:43.743135 DEBUG::Reordering data/metadata to use same sample ordering
2025-03-18 23:00:43.744559 INFO::Formula for fixed effects: expr ~  Region
2025-03-18 23:00:43.745332 INFO::Filter data based on min abundance and min prevalence
2025-03-18 23:00:43.745838 INFO::Total samples in data: 410
2025-03-18 23:00:43.746319 INFO::Min samples required with min abundance for a feature not to be filtered: 0.000000
2025-03-18 23:00:43.748491 INFO::Total filtered features: 0
2025-03-18 23:00:43.749039 INFO::Filtered feature names from abundance and prevalence filtering:
2025-03-18 23:00:43.752537 INFO::Total filtered features with variance filtering: 0
2025-03-18 23:00:43.753202 INFO::Filtered feature names from variance filtering:
2025-03-18 23:00:43.753686 INFO::Running selected normalization method: NONE
2025-03-18 23:00:43.754267 INFO::Bypass z-score application to metadata
2025-03-18 23:00:43.754996 INFO::Running selected transform method: LOG
2025-03-18 23:00:43.760911 INFO::Running selected analysis method: LM
2025-03-18 23:00:43.761673 INFO::Creating cluster of 4 R processes
2025-03-18 23:00:48.245977 INFO::Counting total values for each feature
2025-03-18 23:00:48.253624 INFO::Writing filtered data to file output_Region_pathway_MC/features/filtered_data.tsv
2025-03-18 23:00:48.306619 INFO::Writing filtered, normalized data to file output_Region_pathway_MC/features/filtered_data_norm.tsv
2025-03-18 23:00:48.358659 INFO::Writing filtered, normalized, transformed data to file output_Region_pathway_MC/features/filtered_data_norm_transformed.tsv
2025-03-18 23:00:48.422126 WARNING::Deleting existing residuals file: output_Region_pathway_MC/fits/residuals.rds
2025-03-18 23:00:48.423335 INFO::Writing residuals to file output_Region_pathway_MC/fits/residuals.rds
2025-03-18 23:00:48.466613 WARNING::Deleting existing fitted file: output_Region_pathway_MC/fits/fitted.rds
2025-03-18 23:00:48.467782 INFO::Writing fitted values to file output_Region_pathway_MC/fits/fitted.rds
2025-03-18 23:00:48.472183 INFO::Writing all results to file (ordered by increasing q-values): output_Region_pathway_MC/all_results.tsv
2025-03-18 23:00:48.474409 INFO::Writing the significant results (those which are less than or equal to the threshold of 0.250000 ) to file (ordered by increasing q-values): output_Region_pathway_MC/significant_results.tsv
