2025-03-18 23:00:24.816063 INFO::Writing function arguments to log file
2025-03-18 23:00:24.816861 DEBUG::Function arguments
2025-03-18 23:00:24.817101 DEBUG::Output folder: output_Region_gene_MC
2025-03-18 23:00:24.817317 DEBUG::Min Abundance: 0.000000
2025-03-18 23:00:24.81752 DEBUG::Min Prevalence: 0.000000
2025-03-18 23:00:24.817713 DEBUG::Normalization: NONE
2025-03-18 23:00:24.817902 DEBUG::Transform: LOG
2025-03-18 23:00:24.81809 DEBUG::Analysis method: LM
2025-03-18 23:00:24.818276 DEBUG::Max significance: 0.250000
2025-03-18 23:00:24.818467 DEBUG::Random effects:
2025-03-18 23:00:24.818655 DEBUG::Fixed effects: Region
2025-03-18 23:00:24.818842 DEBUG::Correction method: BH
2025-03-18 23:00:24.819026 DEBUG::Standardize: FALSE
2025-03-18 23:00:24.819209 DEBUG::Cores: 4
2025-03-18 23:00:24.819391 INFO::Verifying options selected are valid
2025-03-18 23:00:24.82012 INFO::Determining format of input files
2025-03-18 23:00:24.820729 INFO::Input format is data samples as rows and metadata samples as rows
2025-03-18 23:00:24.821577 DEBUG::The following samples were found to have features but no metadata. They will be removed. SCD68,SCD69,SCD70,SCD73,SCD72,SCD85,SCD106,SCD88,SCD90,SCD108,SCD87,SCD89,SCD93,SCD139,SCD109,SCD129,SCD110,SCD97,SCD121,SCD96,SCD99,SCD112,SCD100,SCD122,SCD101,SCD130,SCD104,SCD102,SCD105,SCD113,SCD155,SCD131,SCD114,SCD115,SCD116,SCD111,SCD146,SCD147,SCD142,SCD117,SCD132,SCD124,SCD148,SCD125,SCD118,SCD149,SCD156,SCD150,SCD157,SCD127,SCD134,SCD128,SCD135,SCD144,SCD153,SN23,SN19,SN24,SN25,SN26,SN27,SN28,SN21,SN22,SN29,SN36,SN37,SN38,SN39
2025-03-18 23:00:24.821845 DEBUG::The following samples were found to have metadata but no features. They will be removed. HK1003,HK1004,HK1005,HK1006,HK1008,HK1021,HK1022,HK1024,HK1030,HK1031,HK1032,HK1035,HK1038,HK1041,HK1043,HK1044,HK1045,HK1047,HK1049,HK1050,HK1052,HK1053,HK1054,HK1055,HK1056,HK1057,HK1059,HK1061,HK1063,HK1064,HK1066,HK1067,HK1069,HK1070,HK1071,HK1072,HK1073,HK1074,HK1077,HK1079,HK1081,HK1083,HK1084,HK1085,HK1087,HK1089,HK1090,HK1092,HK1093,HK1094,HK1097,HK1098,HK1099,HK1102,HK1106,HK4001,HK4002,HK4004,HK4005,HK4006,HK4007,HK4008,HK4009,HK4010,HK4012,HK4018,HK4019,HK4023,HK4024
2025-03-18 23:00:24.822091 DEBUG::A total of 410 samples were found in both the data and metadata
2025-03-18 23:00:24.822275 DEBUG::Reordering data/metadata to use same sample ordering
2025-03-18 23:00:24.823122 INFO::Formula for fixed effects: expr ~  Region
2025-03-18 23:00:24.823894 INFO::Filter data based on min abundance and min prevalence
2025-03-18 23:00:24.824405 INFO::Total samples in data: 410
2025-03-18 23:00:24.824889 INFO::Min samples required with min abundance for a feature not to be filtered: 0.000000
2025-03-18 23:00:24.826128 INFO::Total filtered features: 0
2025-03-18 23:00:24.826632 INFO::Filtered feature names from abundance and prevalence filtering:
2025-03-18 23:00:24.828384 INFO::Total filtered features with variance filtering: 0
2025-03-18 23:00:24.828893 INFO::Filtered feature names from variance filtering:
2025-03-18 23:00:24.829358 INFO::Running selected normalization method: NONE
2025-03-18 23:00:24.829812 INFO::Bypass z-score application to metadata
2025-03-18 23:00:24.830261 INFO::Running selected transform method: LOG
2025-03-18 23:00:24.83307 INFO::Running selected analysis method: LM
2025-03-18 23:00:24.833681 INFO::Creating cluster of 4 R processes
2025-03-18 23:00:27.655479 INFO::Counting total values for each feature
2025-03-18 23:00:27.661841 INFO::Writing filtered data to file output_Region_gene_MC/features/filtered_data.tsv
2025-03-18 23:00:27.688397 INFO::Writing filtered, normalized data to file output_Region_gene_MC/features/filtered_data_norm.tsv
2025-03-18 23:00:27.711165 INFO::Writing filtered, normalized, transformed data to file output_Region_gene_MC/features/filtered_data_norm_transformed.tsv
2025-03-18 23:00:27.739141 WARNING::Deleting existing residuals file: output_Region_gene_MC/fits/residuals.rds
2025-03-18 23:00:27.740614 INFO::Writing residuals to file output_Region_gene_MC/fits/residuals.rds
2025-03-18 23:00:27.748088 WARNING::Deleting existing fitted file: output_Region_gene_MC/fits/fitted.rds
2025-03-18 23:00:27.749245 INFO::Writing fitted values to file output_Region_gene_MC/fits/fitted.rds
2025-03-18 23:00:27.751941 INFO::Writing all results to file (ordered by increasing q-values): output_Region_gene_MC/all_results.tsv
2025-03-18 23:00:27.753726 INFO::Writing the significant results (those which are less than or equal to the threshold of 0.250000 ) to file (ordered by increasing q-values): output_Region_gene_MC/significant_results.tsv
2025-03-18 23:00:33.948227 WARNING::Input is a matrix, passing through as.data.frame() .
